2025-10-01 15:13:03 [main] INFO  webshop.backend.BackendApplication - Starting BackendApplication using Java 21.0.8 with PID 28808 (C:\Users\robin\Desktop\Coding projects\Fullstack\webshop-monorepo\backend\target\classes started by robin in C:\Users\robin\Desktop\Coding projects\Fullstack\webshop-monorepo\backend)
2025-10-01 15:13:03 [main] DEBUG webshop.backend.BackendApplication - Running with Spring Boot v3.5.4, Spring v6.2.9
2025-10-01 15:13:03 [main] INFO  webshop.backend.BackendApplication - No active profile set, falling back to 1 default profile: "default"
2025-10-01 15:13:04 [main] INFO  o.s.d.r.c.RepositoryConfigurationDelegate - Bootstrapping Spring Data JPA repositories in DEFAULT mode.
2025-10-01 15:13:04 [main] INFO  o.s.d.r.c.RepositoryConfigurationDelegate - Finished Spring Data repository scanning in 31 ms. Found 6 JPA repository interfaces.
2025-10-01 15:13:04 [main] INFO  o.s.b.w.e.tomcat.TomcatWebServer - Tomcat initialized with port 8080 (http)
2025-10-01 15:13:04 [main] INFO  o.a.catalina.core.StandardService - Starting service [Tomcat]
2025-10-01 15:13:04 [main] INFO  o.a.catalina.core.StandardEngine - Starting Servlet engine: [Apache Tomcat/10.1.43]
2025-10-01 15:13:04 [main] INFO  o.a.c.c.C.[Tomcat].[localhost].[/] - Initializing Spring embedded WebApplicationContext
2025-10-01 15:13:04 [main] INFO  o.s.b.w.s.c.ServletWebServerApplicationContext - Root WebApplicationContext: initialization completed in 1050 ms
2025-10-01 15:13:04 [main] INFO  com.zaxxer.hikari.HikariDataSource - HikariPool-1 - Starting...
2025-10-01 15:13:06 [main] WARN  o.s.b.w.s.c.AnnotationConfigServletWebServerApplicationContext - Exception encountered during context initialization - cancelling refresh attempt: org.springframework.beans.factory.BeanCreationException: Error creating bean with name 'entityManagerFactory' defined in class path resource [org/springframework/boot/autoconfigure/orm/jpa/HibernateJpaConfiguration.class]: Failed to initialize dependency 'flywayInitializer' of LoadTimeWeaverAware bean 'entityManagerFactory': Error creating bean with name 'flywayInitializer' defined in class path resource [org/springframework/boot/autoconfigure/flyway/FlywayAutoConfiguration$FlywayConfiguration.class]: Unable to obtain connection from database: FATAL: database "webshop" does not exist
-----------------------------------------------------------------------------------
SQL State  : 3D000
Error Code : 0
Message    : FATAL: database "webshop" does not exist

2025-10-01 15:13:06 [main] INFO  o.a.catalina.core.StandardService - Stopping service [Tomcat]
2025-10-01 15:13:06 [main] INFO  o.s.b.a.l.ConditionEvaluationReportLogger - 

Error starting ApplicationContext. To display the condition evaluation report re-run your application with 'debug' enabled.
2025-10-01 15:13:06 [main] ERROR o.s.boot.SpringApplication - Application run failed
org.springframework.beans.factory.BeanCreationException: Error creating bean with name 'entityManagerFactory' defined in class path resource [org/springframework/boot/autoconfigure/orm/jpa/HibernateJpaConfiguration.class]: Failed to initialize dependency 'flywayInitializer' of LoadTimeWeaverAware bean 'entityManagerFactory': Error creating bean with name 'flywayInitializer' defined in class path resource [org/springframework/boot/autoconfigure/flyway/FlywayAutoConfiguration$FlywayConfiguration.class]: Unable to obtain connection from database: FATAL: database "webshop" does not exist
-----------------------------------------------------------------------------------
SQL State  : 3D000
Error Code : 0
Message    : FATAL: database "webshop" does not exist

	at org.springframework.beans.factory.support.AbstractBeanFactory.doGetBean(AbstractBeanFactory.java:328)
	at org.springframework.beans.factory.support.AbstractBeanFactory.getBean(AbstractBeanFactory.java:207)
	at org.springframework.context.support.AbstractApplicationContext.finishBeanFactoryInitialization(AbstractApplicationContext.java:970)
	at org.springframework.context.support.AbstractApplicationContext.refresh(AbstractApplicationContext.java:627)
	at org.springframework.boot.web.servlet.context.ServletWebServerApplicationContext.refresh(ServletWebServerApplicationContext.java:146)
	at org.springframework.boot.SpringApplication.refresh(SpringApplication.java:752)
	at org.springframework.boot.SpringApplication.refreshContext(SpringApplication.java:439)
	at org.springframework.boot.SpringApplication.run(SpringApplication.java:318)
	at org.springframework.boot.SpringApplication.run(SpringApplication.java:1361)
	at org.springframework.boot.SpringApplication.run(SpringApplication.java:1350)
	at webshop.backend.BackendApplication.main(BackendApplication.java:10)
Caused by: org.springframework.beans.factory.BeanCreationException: Error creating bean with name 'flywayInitializer' defined in class path resource [org/springframework/boot/autoconfigure/flyway/FlywayAutoConfiguration$FlywayConfiguration.class]: Unable to obtain connection from database: FATAL: database "webshop" does not exist
-----------------------------------------------------------------------------------
SQL State  : 3D000
Error Code : 0
Message    : FATAL: database "webshop" does not exist

	at org.springframework.beans.factory.support.AbstractAutowireCapableBeanFactory.initializeBean(AbstractAutowireCapableBeanFactory.java:1826)
	at org.springframework.beans.factory.support.AbstractAutowireCapableBeanFactory.doCreateBean(AbstractAutowireCapableBeanFactory.java:607)
	at org.springframework.beans.factory.support.AbstractAutowireCapableBeanFactory.createBean(AbstractAutowireCapableBeanFactory.java:529)
	at org.springframework.beans.factory.support.AbstractBeanFactory.lambda$doGetBean$0(AbstractBeanFactory.java:339)
	at org.springframework.beans.factory.support.DefaultSingletonBeanRegistry.getSingleton(DefaultSingletonBeanRegistry.java:373)
	at org.springframework.beans.factory.support.AbstractBeanFactory.doGetBean(AbstractBeanFactory.java:337)
	at org.springframework.beans.factory.support.AbstractBeanFactory.getBean(AbstractBeanFactory.java:202)
	at org.springframework.beans.factory.support.AbstractBeanFactory.doGetBean(AbstractBeanFactory.java:315)
	... 10 common frames omitted
Caused by: org.flywaydb.core.internal.exception.FlywaySqlException: Unable to obtain connection from database: FATAL: database "webshop" does not exist
-----------------------------------------------------------------------------------
SQL State  : 3D000
Error Code : 0
Message    : FATAL: database "webshop" does not exist

	at org.flywaydb.core.internal.jdbc.JdbcUtils.openConnection(JdbcUtils.java:71)
	at org.flywaydb.core.internal.jdbc.JdbcConnectionFactory.<init>(JdbcConnectionFactory.java:76)
	at org.flywaydb.core.FlywayExecutor.execute(FlywayExecutor.java:136)
	at org.flywaydb.core.Flyway.migrate(Flyway.java:188)
	at org.springframework.boot.autoconfigure.flyway.FlywayMigrationInitializer.afterPropertiesSet(FlywayMigrationInitializer.java:66)
	at org.springframework.beans.factory.support.AbstractAutowireCapableBeanFactory.invokeInitMethods(AbstractAutowireCapableBeanFactory.java:1873)
	at org.springframework.beans.factory.support.AbstractAutowireCapableBeanFactory.initializeBean(AbstractAutowireCapableBeanFactory.java:1822)
	... 17 common frames omitted
Caused by: org.postgresql.util.PSQLException: FATAL: database "webshop" does not exist
	at org.postgresql.core.v3.QueryExecutorImpl.receiveErrorResponse(QueryExecutorImpl.java:2734)
	at org.postgresql.core.v3.QueryExecutorImpl.readStartupMessages(QueryExecutorImpl.java:2859)
	at org.postgresql.core.v3.QueryExecutorImpl.<init>(QueryExecutorImpl.java:178)
	at org.postgresql.core.v3.ConnectionFactoryImpl.openConnectionImpl(ConnectionFactoryImpl.java:344)
	at org.postgresql.core.ConnectionFactory.openConnection(ConnectionFactory.java:57)
	at org.postgresql.jdbc.PgConnection.<init>(PgConnection.java:277)
	at org.postgresql.Driver.makeConnection(Driver.java:448)
	at org.postgresql.Driver.connect(Driver.java:298)
	at com.zaxxer.hikari.util.DriverDataSource.getConnection(DriverDataSource.java:144)
	at com.zaxxer.hikari.pool.PoolBase.newConnection(PoolBase.java:368)
	at com.zaxxer.hikari.pool.PoolBase.newPoolEntry(PoolBase.java:205)
	at com.zaxxer.hikari.pool.HikariPool.createPoolEntry(HikariPool.java:488)
	at com.zaxxer.hikari.pool.HikariPool.checkFailFast(HikariPool.java:576)
	at com.zaxxer.hikari.pool.HikariPool.<init>(HikariPool.java:97)
	at com.zaxxer.hikari.HikariDataSource.getConnection(HikariDataSource.java:111)
	at org.flywaydb.core.internal.jdbc.JdbcUtils.openConnection(JdbcUtils.java:59)
	... 23 common frames omitted
2025-10-01 15:13:45 [main] INFO  webshop.backend.BackendApplication - Starting BackendApplication using Java 21.0.8 with PID 27940 (C:\Users\robin\Desktop\Coding projects\Fullstack\webshop-monorepo\backend\target\classes started by robin in C:\Users\robin\Desktop\Coding projects\Fullstack\webshop-monorepo\backend)
2025-10-01 15:13:45 [main] DEBUG webshop.backend.BackendApplication - Running with Spring Boot v3.5.4, Spring v6.2.9
2025-10-01 15:13:45 [main] INFO  webshop.backend.BackendApplication - No active profile set, falling back to 1 default profile: "default"
2025-10-01 15:13:45 [main] INFO  o.s.d.r.c.RepositoryConfigurationDelegate - Bootstrapping Spring Data JPA repositories in DEFAULT mode.
2025-10-01 15:13:45 [main] INFO  o.s.d.r.c.RepositoryConfigurationDelegate - Finished Spring Data repository scanning in 33 ms. Found 6 JPA repository interfaces.
2025-10-01 15:13:45 [main] INFO  o.s.b.w.e.tomcat.TomcatWebServer - Tomcat initialized with port 8080 (http)
2025-10-01 15:13:45 [main] INFO  o.a.catalina.core.StandardService - Starting service [Tomcat]
2025-10-01 15:13:45 [main] INFO  o.a.catalina.core.StandardEngine - Starting Servlet engine: [Apache Tomcat/10.1.43]
2025-10-01 15:13:45 [main] INFO  o.a.c.c.C.[Tomcat].[localhost].[/] - Initializing Spring embedded WebApplicationContext
2025-10-01 15:13:45 [main] INFO  o.s.b.w.s.c.ServletWebServerApplicationContext - Root WebApplicationContext: initialization completed in 795 ms
2025-10-01 15:13:46 [main] INFO  com.zaxxer.hikari.HikariDataSource - HikariPool-1 - Starting...
2025-10-01 15:13:46 [main] INFO  com.zaxxer.hikari.pool.HikariPool - HikariPool-1 - Added connection org.postgresql.jdbc.PgConnection@2a984952
2025-10-01 15:13:46 [main] INFO  com.zaxxer.hikari.HikariDataSource - HikariPool-1 - Start completed.
2025-10-01 15:13:46 [main] INFO  org.flywaydb.core.FlywayExecutor - Database: jdbc:postgresql://localhost:5432/webshop (PostgreSQL 18.0)
2025-10-01 15:13:46 [main] WARN  o.f.c.i.database.base.Database - Flyway upgrade recommended: PostgreSQL 18.0 is newer than this version of Flyway and support has not been tested. The latest supported version of PostgreSQL is 17.
2025-10-01 15:13:46 [main] INFO  o.f.c.i.s.JdbcTableSchemaHistory - Schema history table "public"."flyway_schema_history" does not exist yet
2025-10-01 15:13:46 [main] INFO  o.f.core.internal.command.DbValidate - Successfully validated 7 migrations (execution time 00:00.037s)
2025-10-01 15:13:46 [main] INFO  o.f.c.i.s.JdbcTableSchemaHistory - Creating Schema History table "public"."flyway_schema_history" ...
2025-10-01 15:13:46 [main] INFO  o.f.core.internal.command.DbMigrate - Current version of schema "public": << Empty Schema >>
2025-10-01 15:13:46 [main] INFO  o.f.core.internal.command.DbMigrate - Migrating schema "public" to version "1 - create users"
2025-10-01 15:13:46 [main] INFO  o.f.core.internal.command.DbMigrate - Migrating schema "public" to version "2 - create categories"
2025-10-01 15:13:46 [main] INFO  o.f.core.internal.command.DbMigrate - Migrating schema "public" to version "3 - create products"
2025-10-01 15:13:46 [main] INFO  o.f.core.internal.command.DbMigrate - Migrating schema "public" to version "4 - create cart items"
2025-10-01 15:13:46 [main] INFO  o.f.core.internal.command.DbMigrate - Migrating schema "public" to version "5 - create orders"
2025-10-01 15:13:46 [main] INFO  o.f.core.internal.command.DbMigrate - Migrating schema "public" to version "6 - create order items"
2025-10-01 15:13:46 [main] INFO  o.f.core.internal.command.DbMigrate - Migrating schema "public" to version "7 - insert test data"
2025-10-01 15:13:46 [main] INFO  o.f.core.internal.command.DbMigrate - Successfully applied 7 migrations to schema "public", now at version v7 (execution time 00:00.024s)
2025-10-01 15:13:46 [main] INFO  o.h.jpa.internal.util.LogHelper - HHH000204: Processing PersistenceUnitInfo [name: default]
2025-10-01 15:13:46 [main] INFO  org.hibernate.Version - HHH000412: Hibernate ORM core version 6.6.22.Final
2025-10-01 15:13:46 [main] INFO  o.h.c.i.RegionFactoryInitiator - HHH000026: Second-level cache disabled
2025-10-01 15:13:46 [main] INFO  o.s.o.j.p.SpringPersistenceUnitInfo - No LoadTimeWeaver setup: ignoring JPA class transformer
2025-10-01 15:13:46 [main] WARN  org.hibernate.orm.deprecation - HHH90000025: PostgreSQLDialect does not need to be specified explicitly using 'hibernate.dialect' (remove the property setting and it will be selected by default)
2025-10-01 15:13:46 [main] INFO  o.hibernate.orm.connections.pooling - HHH10001005: Database info:
	Database JDBC URL [Connecting through datasource 'HikariDataSource (HikariPool-1)']
	Database driver: undefined/unknown
	Database version: 18.0
	Autocommit mode: undefined/unknown
	Isolation level: undefined/unknown
	Minimum pool size: undefined/unknown
	Maximum pool size: undefined/unknown
2025-10-01 15:13:46 [main] INFO  o.h.e.t.j.p.i.JtaPlatformInitiator - HHH000489: No JTA platform available (set 'hibernate.transaction.jta.platform' to enable JTA platform integration)
2025-10-01 15:13:46 [main] INFO  o.s.o.j.LocalContainerEntityManagerFactoryBean - Initialized JPA EntityManagerFactory for persistence unit 'default'
2025-10-01 15:13:47 [main] INFO  webshop.backend.auth.JwtService - JwtService initialized with expiration=3600000ms
2025-10-01 15:13:47 [main] WARN  o.s.b.a.o.j.JpaBaseConfiguration$JpaWebConfiguration - spring.jpa.open-in-view is enabled by default. Therefore, database queries may be performed during view rendering. Explicitly configure spring.jpa.open-in-view to disable this warning
2025-10-01 15:13:47 [main] INFO  o.s.s.c.a.a.c.InitializeUserDetailsBeanManagerConfigurer$InitializeUserDetailsManagerConfigurer - Global AuthenticationManager configured with UserDetailsService bean with name customUserDetailsService
2025-10-01 15:13:47 [main] INFO  o.s.b.a.e.web.EndpointLinksResolver - Exposing 2 endpoints beneath base path '/actuator'
2025-10-01 15:13:47 [main] INFO  o.s.b.w.e.tomcat.TomcatWebServer - Tomcat started on port 8080 (http) with context path '/'
2025-10-01 15:13:47 [main] INFO  webshop.backend.BackendApplication - Started BackendApplication in 2.713 seconds (process running for 3.084)
2025-10-01 15:13:47 [RMI TCP Connection(1)-192.168.10.105] INFO  o.a.c.c.C.[Tomcat].[localhost].[/] - Initializing Spring DispatcherServlet 'dispatcherServlet'
2025-10-01 15:13:47 [RMI TCP Connection(1)-192.168.10.105] INFO  o.s.web.servlet.DispatcherServlet - Initializing Servlet 'dispatcherServlet'
2025-10-01 15:13:47 [RMI TCP Connection(1)-192.168.10.105] INFO  o.s.web.servlet.DispatcherServlet - Completed initialization in 5 ms
2025-10-01 15:14:23 [http-nio-8080-exec-5] DEBUG w.b.d.c.c.CategoryController - GET /api/categories called
2025-10-01 15:14:23 [http-nio-8080-exec-4] DEBUG w.b.d.p.controller.ProductController - GET /api/products called
2025-10-01 15:14:23 [http-nio-8080-exec-5] DEBUG w.b.d.c.service.CategoryService - Fetching all categories
2025-10-01 15:14:23 [http-nio-8080-exec-4] DEBUG w.b.d.product.service.ProductService - Fetching all products
2025-10-01 15:14:23 [http-nio-8080-exec-5] INFO  w.b.d.c.service.CategoryService - Fetched 6 categories
2025-10-01 15:14:23 [http-nio-8080-exec-4] INFO  w.b.d.product.service.ProductService - Fetched 13 products
2025-10-01 15:14:23 [http-nio-8080-exec-6] DEBUG w.b.d.p.controller.ProductController - GET /api/products called
2025-10-01 15:14:23 [http-nio-8080-exec-6] DEBUG w.b.d.product.service.ProductService - Fetching all products
2025-10-01 15:14:23 [http-nio-8080-exec-6] INFO  w.b.d.product.service.ProductService - Fetched 13 products
2025-10-01 15:14:38 [http-nio-8080-exec-8] INFO  webshop.backend.auth.AuthController - POST /api/auth/token called
2025-10-01 15:14:38 [http-nio-8080-exec-8] INFO  webshop.backend.auth.JwtService - Generating JWT for user 'admin' with roles [ROLE_ADMIN]
2025-10-01 15:14:38 [http-nio-8080-exec-8] DEBUG webshop.backend.auth.JwtService - Generated token for user 'admin' with roles [ROLE_ADMIN]
2025-10-01 15:16:02 [http-nio-8080-exec-1] INFO  webshop.backend.auth.AuthController - POST /api/auth/token called
2025-10-01 15:16:02 [http-nio-8080-exec-1] INFO  webshop.backend.auth.JwtService - Generating JWT for user 'admin' with roles [ROLE_ADMIN]
2025-10-01 15:16:02 [http-nio-8080-exec-1] DEBUG webshop.backend.auth.JwtService - Generated token for user 'admin' with roles [ROLE_ADMIN]
2025-10-01 15:16:44 [http-nio-8080-exec-4] INFO  webshop.backend.auth.AuthController - POST /api/auth/token called
2025-10-01 15:16:44 [http-nio-8080-exec-4] INFO  webshop.backend.auth.JwtService - Generating JWT for user 'admin' with roles [ROLE_ADMIN]
2025-10-01 15:16:44 [http-nio-8080-exec-4] DEBUG webshop.backend.auth.JwtService - Generated token for user 'admin' with roles [ROLE_ADMIN]
2025-10-01 15:16:44 [http-nio-8080-exec-8] DEBUG w.b.d.p.controller.ProductController - GET /api/products called
2025-10-01 15:16:44 [http-nio-8080-exec-8] DEBUG w.b.d.product.service.ProductService - Fetching all products
2025-10-01 15:16:44 [http-nio-8080-exec-8] INFO  w.b.d.product.service.ProductService - Fetched 13 products
2025-10-01 15:16:44 [http-nio-8080-exec-10] DEBUG w.b.d.p.controller.ProductController - GET /api/products called
2025-10-01 15:16:44 [http-nio-8080-exec-10] DEBUG w.b.d.product.service.ProductService - Fetching all products
2025-10-01 15:16:44 [http-nio-8080-exec-10] INFO  w.b.d.product.service.ProductService - Fetched 13 products
2025-10-01 15:17:05 [http-nio-8080-exec-3] DEBUG w.b.d.c.c.CategoryController - GET /api/categories called
2025-10-01 15:17:05 [http-nio-8080-exec-3] DEBUG w.b.d.c.service.CategoryService - Fetching all categories
2025-10-01 15:17:05 [http-nio-8080-exec-3] INFO  w.b.d.c.service.CategoryService - Fetched 6 categories
2025-10-01 15:17:05 [http-nio-8080-exec-1] DEBUG w.b.d.c.c.CategoryController - GET /api/categories called
2025-10-01 15:17:05 [http-nio-8080-exec-1] DEBUG w.b.d.c.service.CategoryService - Fetching all categories
2025-10-01 15:17:05 [http-nio-8080-exec-1] INFO  w.b.d.c.service.CategoryService - Fetched 6 categories
2025-10-01 15:17:06 [http-nio-8080-exec-6] DEBUG w.b.d.p.controller.ProductController - GET /api/products called
2025-10-01 15:17:06 [http-nio-8080-exec-6] DEBUG w.b.d.product.service.ProductService - Fetching all products
2025-10-01 15:17:06 [http-nio-8080-exec-6] INFO  w.b.d.product.service.ProductService - Fetched 13 products
2025-10-01 15:17:06 [http-nio-8080-exec-7] DEBUG w.b.d.p.controller.ProductController - GET /api/products called
2025-10-01 15:17:06 [http-nio-8080-exec-7] DEBUG w.b.d.product.service.ProductService - Fetching all products
2025-10-01 15:17:06 [http-nio-8080-exec-7] INFO  w.b.d.product.service.ProductService - Fetched 13 products
2025-10-01 15:17:09 [http-nio-8080-exec-8] DEBUG w.b.d.p.controller.ProductController - GET /api/products called
2025-10-01 15:17:09 [http-nio-8080-exec-8] DEBUG w.b.d.product.service.ProductService - Fetching all products
2025-10-01 15:17:09 [http-nio-8080-exec-10] DEBUG w.b.d.c.c.CategoryController - GET /api/categories called
2025-10-01 15:17:09 [http-nio-8080-exec-10] DEBUG w.b.d.c.service.CategoryService - Fetching all categories
2025-10-01 15:17:09 [http-nio-8080-exec-10] INFO  w.b.d.c.service.CategoryService - Fetched 6 categories
2025-10-01 15:17:09 [http-nio-8080-exec-8] INFO  w.b.d.product.service.ProductService - Fetched 13 products
2025-10-01 15:17:09 [http-nio-8080-exec-9] DEBUG w.b.d.c.c.CategoryController - GET /api/categories called
2025-10-01 15:17:09 [http-nio-8080-exec-9] DEBUG w.b.d.c.service.CategoryService - Fetching all categories
2025-10-01 15:17:09 [http-nio-8080-exec-9] INFO  w.b.d.c.service.CategoryService - Fetched 6 categories
2025-10-01 15:17:09 [http-nio-8080-exec-2] DEBUG w.b.d.p.controller.ProductController - GET /api/products called
2025-10-01 15:17:09 [http-nio-8080-exec-2] DEBUG w.b.d.product.service.ProductService - Fetching all products
2025-10-01 15:17:09 [http-nio-8080-exec-2] INFO  w.b.d.product.service.ProductService - Fetched 13 products
2025-10-01 15:17:09 [http-nio-8080-exec-3] DEBUG w.b.d.p.controller.ProductController - GET /api/products called
2025-10-01 15:17:09 [http-nio-8080-exec-3] DEBUG w.b.d.product.service.ProductService - Fetching all products
2025-10-01 15:17:09 [http-nio-8080-exec-3] INFO  w.b.d.product.service.ProductService - Fetched 13 products
2025-10-01 15:17:09 [http-nio-8080-exec-1] DEBUG w.b.d.p.controller.ProductController - GET /api/products called
2025-10-01 15:17:09 [http-nio-8080-exec-1] DEBUG w.b.d.product.service.ProductService - Fetching all products
2025-10-01 15:17:09 [http-nio-8080-exec-1] INFO  w.b.d.product.service.ProductService - Fetched 13 products
2025-10-01 15:17:11 [http-nio-8080-exec-6] DEBUG w.b.d.c.c.CategoryController - GET /api/categories called
2025-10-01 15:17:11 [http-nio-8080-exec-6] DEBUG w.b.d.c.service.CategoryService - Fetching all categories
2025-10-01 15:17:11 [http-nio-8080-exec-6] INFO  w.b.d.c.service.CategoryService - Fetched 6 categories
2025-10-01 15:17:11 [http-nio-8080-exec-7] DEBUG w.b.d.c.c.CategoryController - GET /api/categories called
2025-10-01 15:17:11 [http-nio-8080-exec-7] DEBUG w.b.d.c.service.CategoryService - Fetching all categories
2025-10-01 15:17:11 [http-nio-8080-exec-7] INFO  w.b.d.c.service.CategoryService - Fetched 6 categories
2025-10-01 15:19:19 [http-nio-8080-exec-3] INFO  webshop.backend.auth.AuthController - POST /api/auth/token called
2025-10-01 15:19:19 [http-nio-8080-exec-3] INFO  webshop.backend.auth.JwtService - Generating JWT for user 'admin' with roles [ROLE_ADMIN]
2025-10-01 15:19:19 [http-nio-8080-exec-3] DEBUG webshop.backend.auth.JwtService - Generated token for user 'admin' with roles [ROLE_ADMIN]
2025-10-01 15:19:19 [http-nio-8080-exec-5] DEBUG w.b.d.p.controller.ProductController - GET /api/products called
2025-10-01 15:19:19 [http-nio-8080-exec-5] DEBUG w.b.d.product.service.ProductService - Fetching all products
2025-10-01 15:19:19 [http-nio-8080-exec-5] INFO  w.b.d.product.service.ProductService - Fetched 13 products
2025-10-01 15:19:19 [http-nio-8080-exec-5] DEBUG w.b.d.p.controller.ProductController - GET /api/products called
2025-10-01 15:19:19 [http-nio-8080-exec-5] DEBUG w.b.d.product.service.ProductService - Fetching all products
2025-10-01 15:19:19 [http-nio-8080-exec-5] INFO  w.b.d.product.service.ProductService - Fetched 13 products
2025-10-01 15:19:36 [http-nio-8080-exec-10] INFO  webshop.backend.auth.AuthController - POST /api/auth/token called
2025-10-01 15:19:36 [http-nio-8080-exec-10] INFO  webshop.backend.auth.JwtService - Generating JWT for user 'admin' with roles [ROLE_ADMIN]
2025-10-01 15:19:36 [http-nio-8080-exec-10] DEBUG webshop.backend.auth.JwtService - Generated token for user 'admin' with roles [ROLE_ADMIN]
2025-10-01 15:19:38 [http-nio-8080-exec-9] INFO  webshop.backend.auth.AuthController - POST /api/auth/token called
2025-10-01 15:19:38 [http-nio-8080-exec-9] INFO  webshop.backend.auth.JwtService - Generating JWT for user 'admin' with roles [ROLE_ADMIN]
2025-10-01 15:19:38 [http-nio-8080-exec-9] DEBUG webshop.backend.auth.JwtService - Generated token for user 'admin' with roles [ROLE_ADMIN]
2025-10-01 15:19:41 [http-nio-8080-exec-8] INFO  webshop.backend.auth.AuthController - POST /api/auth/token called
2025-10-01 15:19:41 [http-nio-8080-exec-8] INFO  webshop.backend.auth.JwtService - Generating JWT for user 'admin' with roles [ROLE_ADMIN]
2025-10-01 15:19:41 [http-nio-8080-exec-8] DEBUG webshop.backend.auth.JwtService - Generated token for user 'admin' with roles [ROLE_ADMIN]
2025-10-01 15:19:41 [http-nio-8080-exec-3] INFO  webshop.backend.auth.AuthController - POST /api/auth/token called
2025-10-01 15:19:41 [http-nio-8080-exec-3] INFO  webshop.backend.auth.JwtService - Generating JWT for user 'admin' with roles [ROLE_ADMIN]
2025-10-01 15:19:41 [http-nio-8080-exec-3] DEBUG webshop.backend.auth.JwtService - Generated token for user 'admin' with roles [ROLE_ADMIN]
2025-10-01 15:19:45 [http-nio-8080-exec-1] INFO  webshop.backend.auth.AuthController - POST /api/auth/token called
2025-10-01 15:19:45 [http-nio-8080-exec-1] INFO  webshop.backend.auth.JwtService - Generating JWT for user 'admin' with roles [ROLE_ADMIN]
2025-10-01 15:19:45 [http-nio-8080-exec-1] DEBUG webshop.backend.auth.JwtService - Generated token for user 'admin' with roles [ROLE_ADMIN]
2025-10-01 15:20:10 [http-nio-8080-exec-6] INFO  webshop.backend.auth.AuthController - POST /api/auth/token called
2025-10-01 15:20:10 [http-nio-8080-exec-6] INFO  webshop.backend.auth.JwtService - Generating JWT for user 'admin' with roles [ROLE_ADMIN]
2025-10-01 15:20:10 [http-nio-8080-exec-6] DEBUG webshop.backend.auth.JwtService - Generated token for user 'admin' with roles [ROLE_ADMIN]
2025-10-01 15:20:12 [http-nio-8080-exec-5] INFO  webshop.backend.auth.AuthController - POST /api/auth/token called
2025-10-01 15:20:12 [http-nio-8080-exec-5] INFO  webshop.backend.auth.JwtService - Generating JWT for user 'admin' with roles [ROLE_ADMIN]
2025-10-01 15:20:12 [http-nio-8080-exec-5] DEBUG webshop.backend.auth.JwtService - Generated token for user 'admin' with roles [ROLE_ADMIN]
2025-10-01 15:26:55 [http-nio-8080-exec-8] INFO  webshop.backend.auth.JwtService - Validating JWT
2025-10-01 15:26:55 [http-nio-8080-exec-8] INFO  webshop.backend.auth.JwtService - JWT validated successfully for user 'admin'
2025-10-01 15:26:55 [http-nio-8080-exec-8] DEBUG w.b.d.user.controller.UserController - GET /api/users/me called
2025-10-01 15:26:55 [http-nio-8080-exec-8] DEBUG w.b.domains.user.service.UserService - Fetching current user with username=admin
2025-10-01 15:26:55 [http-nio-8080-exec-8] INFO  w.b.domains.user.service.UserService - Successfully fetched current user with id=1
2025-10-01 15:27:06 [http-nio-8080-exec-3] INFO  webshop.backend.auth.AuthController - POST /api/auth/token called
2025-10-01 15:27:06 [http-nio-8080-exec-3] INFO  webshop.backend.auth.JwtService - Generating JWT for user 'admin' with roles [ROLE_ADMIN]
2025-10-01 15:27:06 [http-nio-8080-exec-3] DEBUG webshop.backend.auth.JwtService - Generated token for user 'admin' with roles [ROLE_ADMIN]
2025-10-01 15:27:06 [http-nio-8080-exec-4] INFO  webshop.backend.auth.JwtService - Validating JWT
2025-10-01 15:27:06 [http-nio-8080-exec-4] INFO  webshop.backend.auth.JwtService - JWT validated successfully for user 'admin'
2025-10-01 15:27:06 [http-nio-8080-exec-4] DEBUG w.b.d.user.controller.UserController - GET /api/users/me called
2025-10-01 15:27:06 [http-nio-8080-exec-4] DEBUG w.b.domains.user.service.UserService - Fetching current user with username=admin
2025-10-01 15:27:06 [http-nio-8080-exec-4] INFO  w.b.domains.user.service.UserService - Successfully fetched current user with id=1
2025-10-01 15:27:06 [http-nio-8080-exec-7] DEBUG w.b.d.p.controller.ProductController - GET /api/products called
2025-10-01 15:27:06 [http-nio-8080-exec-7] DEBUG w.b.d.product.service.ProductService - Fetching all products
2025-10-01 15:27:06 [http-nio-8080-exec-7] INFO  w.b.d.product.service.ProductService - Fetched 13 products
2025-10-01 15:27:06 [http-nio-8080-exec-10] DEBUG w.b.d.p.controller.ProductController - GET /api/products called
2025-10-01 15:27:06 [http-nio-8080-exec-10] DEBUG w.b.d.product.service.ProductService - Fetching all products
2025-10-01 15:27:06 [http-nio-8080-exec-10] INFO  w.b.d.product.service.ProductService - Fetched 13 products
2025-10-01 15:27:09 [http-nio-8080-exec-9] INFO  webshop.backend.auth.JwtService - Validating JWT
2025-10-01 15:27:09 [http-nio-8080-exec-9] INFO  webshop.backend.auth.JwtService - JWT validated successfully for user 'admin'
2025-10-01 15:27:09 [http-nio-8080-exec-9] DEBUG w.b.d.user.controller.UserController - GET /api/users/me called
2025-10-01 15:27:09 [http-nio-8080-exec-9] DEBUG w.b.domains.user.service.UserService - Fetching current user with username=admin
2025-10-01 15:27:09 [http-nio-8080-exec-9] INFO  w.b.domains.user.service.UserService - Successfully fetched current user with id=1
2025-10-01 15:27:12 [http-nio-8080-exec-3] INFO  webshop.backend.auth.JwtService - Validating JWT
2025-10-01 15:27:12 [http-nio-8080-exec-3] INFO  webshop.backend.auth.JwtService - JWT validated successfully for user 'admin'
2025-10-01 15:27:12 [http-nio-8080-exec-3] DEBUG w.b.d.o.controller.OrderController - GET /api/orders called
2025-10-01 15:27:12 [http-nio-8080-exec-3] DEBUG w.b.d.order.service.OrderService - Fetching orders for username=admin
2025-10-01 15:27:12 [http-nio-8080-exec-3] INFO  w.b.d.order.service.OrderService - Fetched 2 orders for userId=1
2025-10-01 15:27:12 [http-nio-8080-exec-1] INFO  webshop.backend.auth.JwtService - Validating JWT
2025-10-01 15:27:12 [http-nio-8080-exec-1] INFO  webshop.backend.auth.JwtService - JWT validated successfully for user 'admin'
2025-10-01 15:27:12 [http-nio-8080-exec-1] DEBUG w.b.d.o.controller.OrderController - GET /api/orders called
2025-10-01 15:27:12 [http-nio-8080-exec-1] DEBUG w.b.d.order.service.OrderService - Fetching orders for username=admin
2025-10-01 15:27:12 [http-nio-8080-exec-1] INFO  w.b.d.order.service.OrderService - Fetched 2 orders for userId=1
2025-10-01 15:27:13 [http-nio-8080-exec-5] INFO  webshop.backend.auth.JwtService - Validating JWT
2025-10-01 15:27:13 [http-nio-8080-exec-5] INFO  webshop.backend.auth.JwtService - JWT validated successfully for user 'admin'
2025-10-01 15:27:13 [http-nio-8080-exec-5] DEBUG w.b.d.c.c.CartItemController - GET /api/cart called
2025-10-01 15:27:13 [http-nio-8080-exec-5] DEBUG w.b.d.c.service.CartItemService - Fetching cart items for current user username=admin
2025-10-01 15:27:13 [http-nio-8080-exec-5] INFO  w.b.d.c.service.CartItemService - Fetched 2 cart items for userId=1
2025-10-01 15:27:13 [http-nio-8080-exec-7] INFO  webshop.backend.auth.JwtService - Validating JWT
2025-10-01 15:27:13 [http-nio-8080-exec-7] INFO  webshop.backend.auth.JwtService - JWT validated successfully for user 'admin'
2025-10-01 15:27:13 [http-nio-8080-exec-7] DEBUG w.b.d.c.c.CartItemController - GET /api/cart called
2025-10-01 15:27:13 [http-nio-8080-exec-7] DEBUG w.b.d.c.service.CartItemService - Fetching cart items for current user username=admin
2025-10-01 15:27:13 [http-nio-8080-exec-7] INFO  w.b.d.c.service.CartItemService - Fetched 2 cart items for userId=1
2025-10-01 15:27:18 [http-nio-8080-exec-9] INFO  webshop.backend.auth.JwtService - Validating JWT
2025-10-01 15:27:18 [http-nio-8080-exec-9] INFO  webshop.backend.auth.JwtService - JWT validated successfully for user 'admin'
2025-10-01 15:27:18 [http-nio-8080-exec-9] DEBUG w.b.d.c.c.CartItemController - DELETE /api/cart/clear called
2025-10-01 15:27:18 [http-nio-8080-exec-9] DEBUG w.b.d.c.service.CartItemService - Clearing cart for username=admin
2025-10-01 15:27:18 [http-nio-8080-exec-9] INFO  w.b.d.c.service.CartItemService - Cleared 2 cart items for userId=1
2025-10-01 15:27:21 [http-nio-8080-exec-3] DEBUG w.b.d.c.c.CategoryController - GET /api/categories called
2025-10-01 15:27:21 [http-nio-8080-exec-3] DEBUG w.b.d.c.service.CategoryService - Fetching all categories
2025-10-01 15:27:21 [http-nio-8080-exec-3] INFO  w.b.d.c.service.CategoryService - Fetched 6 categories
2025-10-01 15:27:21 [http-nio-8080-exec-1] DEBUG w.b.d.c.c.CategoryController - GET /api/categories called
2025-10-01 15:27:21 [http-nio-8080-exec-1] DEBUG w.b.d.c.service.CategoryService - Fetching all categories
2025-10-01 15:27:21 [http-nio-8080-exec-1] INFO  w.b.d.c.service.CategoryService - Fetched 6 categories
2025-10-01 15:27:22 [http-nio-8080-exec-5] DEBUG w.b.d.p.controller.ProductController - GET /api/products called
2025-10-01 15:27:22 [http-nio-8080-exec-5] DEBUG w.b.d.product.service.ProductService - Fetching all products
2025-10-01 15:27:22 [http-nio-8080-exec-5] INFO  w.b.d.product.service.ProductService - Fetched 13 products
2025-10-01 15:27:22 [http-nio-8080-exec-7] DEBUG w.b.d.p.controller.ProductController - GET /api/products called
2025-10-01 15:27:22 [http-nio-8080-exec-7] DEBUG w.b.d.product.service.ProductService - Fetching all products
2025-10-01 15:27:22 [http-nio-8080-exec-7] INFO  w.b.d.product.service.ProductService - Fetched 13 products
2025-10-01 15:27:23 [http-nio-8080-exec-9] INFO  webshop.backend.auth.JwtService - Validating JWT
2025-10-01 15:27:23 [http-nio-8080-exec-9] INFO  webshop.backend.auth.JwtService - JWT validated successfully for user 'admin'
2025-10-01 15:27:23 [http-nio-8080-exec-9] DEBUG w.b.d.c.c.CartItemController - POST /api/cart/add called with payload: CartItemCreateDto[productId=1, quantity=1]
2025-10-01 15:27:23 [http-nio-8080-exec-9] DEBUG w.b.d.c.service.CartItemService - Adding productId=1 quantity=1 to cart for username=admin
2025-10-01 15:27:23 [http-nio-8080-exec-9] INFO  w.b.d.c.service.CartItemService - Added productId=1 quantity=1 to cart for userId=1 cartItemId=6
2025-10-01 15:27:25 [http-nio-8080-exec-8] INFO  webshop.backend.auth.JwtService - Validating JWT
2025-10-01 15:27:25 [http-nio-8080-exec-8] INFO  webshop.backend.auth.JwtService - JWT validated successfully for user 'admin'
2025-10-01 15:27:25 [http-nio-8080-exec-8] DEBUG w.b.d.c.c.CartItemController - POST /api/cart/add called with payload: CartItemCreateDto[productId=1, quantity=1]
2025-10-01 15:27:25 [http-nio-8080-exec-8] DEBUG w.b.d.c.service.CartItemService - Adding productId=1 quantity=1 to cart for username=admin
2025-10-01 15:27:25 [http-nio-8080-exec-8] INFO  w.b.d.c.service.CartItemService - Added productId=1 quantity=1 to cart for userId=1 cartItemId=7
2025-10-01 15:27:25 [http-nio-8080-exec-2] INFO  webshop.backend.auth.JwtService - Validating JWT
2025-10-01 15:27:25 [http-nio-8080-exec-2] INFO  webshop.backend.auth.JwtService - JWT validated successfully for user 'admin'
2025-10-01 15:27:25 [http-nio-8080-exec-2] DEBUG w.b.d.c.c.CartItemController - POST /api/cart/add called with payload: CartItemCreateDto[productId=2, quantity=1]
2025-10-01 15:27:25 [http-nio-8080-exec-2] DEBUG w.b.d.c.service.CartItemService - Adding productId=2 quantity=1 to cart for username=admin
2025-10-01 15:27:25 [http-nio-8080-exec-2] INFO  w.b.d.c.service.CartItemService - Added productId=2 quantity=1 to cart for userId=1 cartItemId=8
2025-10-01 15:27:27 [http-nio-8080-exec-6] DEBUG w.b.d.c.c.CategoryController - GET /api/categories called
2025-10-01 15:27:27 [http-nio-8080-exec-6] DEBUG w.b.d.c.service.CategoryService - Fetching all categories
2025-10-01 15:27:27 [http-nio-8080-exec-6] INFO  w.b.d.c.service.CategoryService - Fetched 6 categories
2025-10-01 15:27:27 [http-nio-8080-exec-4] DEBUG w.b.d.c.c.CategoryController - GET /api/categories called
2025-10-01 15:27:27 [http-nio-8080-exec-4] DEBUG w.b.d.c.service.CategoryService - Fetching all categories
2025-10-01 15:27:27 [http-nio-8080-exec-4] INFO  w.b.d.c.service.CategoryService - Fetched 6 categories
2025-10-01 15:27:28 [http-nio-8080-exec-10] DEBUG w.b.d.p.controller.ProductController - GET /api/products called
2025-10-01 15:27:28 [http-nio-8080-exec-10] DEBUG w.b.d.product.service.ProductService - Fetching all products
2025-10-01 15:27:28 [http-nio-8080-exec-10] INFO  w.b.d.product.service.ProductService - Fetched 13 products
2025-10-01 15:27:28 [http-nio-8080-exec-9] DEBUG w.b.d.p.controller.ProductController - GET /api/products called
2025-10-01 15:27:28 [http-nio-8080-exec-9] DEBUG w.b.d.product.service.ProductService - Fetching all products
2025-10-01 15:27:28 [http-nio-8080-exec-9] INFO  w.b.d.product.service.ProductService - Fetched 13 products
2025-10-01 15:27:29 [http-nio-8080-exec-2] INFO  webshop.backend.auth.JwtService - Validating JWT
2025-10-01 15:27:29 [http-nio-8080-exec-2] INFO  webshop.backend.auth.JwtService - JWT validated successfully for user 'admin'
2025-10-01 15:27:29 [http-nio-8080-exec-2] DEBUG w.b.d.c.c.CartItemController - POST /api/cart/add called with payload: CartItemCreateDto[productId=1, quantity=1]
2025-10-01 15:27:29 [http-nio-8080-exec-2] DEBUG w.b.d.c.service.CartItemService - Adding productId=1 quantity=1 to cart for username=admin
2025-10-01 15:27:29 [http-nio-8080-exec-2] INFO  w.b.d.c.service.CartItemService - Added productId=1 quantity=1 to cart for userId=1 cartItemId=9
2025-10-01 15:27:30 [http-nio-8080-exec-6] INFO  webshop.backend.auth.JwtService - Validating JWT
2025-10-01 15:27:30 [http-nio-8080-exec-6] INFO  webshop.backend.auth.JwtService - JWT validated successfully for user 'admin'
2025-10-01 15:27:30 [http-nio-8080-exec-6] DEBUG w.b.d.c.c.CartItemController - GET /api/cart called
2025-10-01 15:27:30 [http-nio-8080-exec-6] DEBUG w.b.d.c.service.CartItemService - Fetching cart items for current user username=admin
2025-10-01 15:27:30 [http-nio-8080-exec-6] INFO  w.b.d.c.service.CartItemService - Fetched 4 cart items for userId=1
2025-10-01 15:27:30 [http-nio-8080-exec-4] INFO  webshop.backend.auth.JwtService - Validating JWT
2025-10-01 15:27:30 [http-nio-8080-exec-4] INFO  webshop.backend.auth.JwtService - JWT validated successfully for user 'admin'
2025-10-01 15:27:30 [http-nio-8080-exec-4] DEBUG w.b.d.c.c.CartItemController - GET /api/cart called
2025-10-01 15:27:30 [http-nio-8080-exec-4] DEBUG w.b.d.c.service.CartItemService - Fetching cart items for current user username=admin
2025-10-01 15:27:30 [http-nio-8080-exec-4] INFO  w.b.d.c.service.CartItemService - Fetched 4 cart items for userId=1
2025-10-01 15:27:31 [http-nio-8080-exec-5] INFO  webshop.backend.auth.JwtService - Validating JWT
2025-10-01 15:27:31 [http-nio-8080-exec-5] INFO  webshop.backend.auth.JwtService - JWT validated successfully for user 'admin'
2025-10-01 15:27:31 [http-nio-8080-exec-5] DEBUG w.b.d.c.c.CartItemController - DELETE /api/cart/7 called
2025-10-01 15:27:31 [http-nio-8080-exec-5] DEBUG w.b.d.c.service.CartItemService - Removing cartItemId=7
2025-10-01 15:27:31 [http-nio-8080-exec-5] INFO  w.b.d.c.service.CartItemService - Removed cartItemId=7
2025-10-01 15:27:32 [http-nio-8080-exec-10] INFO  webshop.backend.auth.JwtService - Validating JWT
2025-10-01 15:27:32 [http-nio-8080-exec-10] INFO  webshop.backend.auth.JwtService - JWT validated successfully for user 'admin'
2025-10-01 15:27:32 [http-nio-8080-exec-10] DEBUG w.b.d.c.c.CartItemController - DELETE /api/cart/7 called
2025-10-01 15:27:32 [http-nio-8080-exec-10] DEBUG w.b.d.c.service.CartItemService - Removing cartItemId=7
2025-10-01 15:27:32 [http-nio-8080-exec-10] WARN  w.b.d.c.service.CartItemService - Cart item not found while removing cartItemId=7
2025-10-01 15:27:32 [http-nio-8080-exec-10] WARN  w.b.c.e.GlobalExceptionHandler - CartItemNotFoundException at /api/cart/7: Cart item with id 7 not found
2025-10-01 15:27:36 [http-nio-8080-exec-8] INFO  webshop.backend.auth.JwtService - Validating JWT
2025-10-01 15:27:36 [http-nio-8080-exec-8] INFO  webshop.backend.auth.JwtService - JWT validated successfully for user 'admin'
2025-10-01 15:27:36 [http-nio-8080-exec-8] DEBUG w.b.d.c.c.CartItemController - DELETE /api/cart/8 called
2025-10-01 15:27:36 [http-nio-8080-exec-8] DEBUG w.b.d.c.service.CartItemService - Removing cartItemId=8
2025-10-01 15:27:36 [http-nio-8080-exec-8] INFO  w.b.d.c.service.CartItemService - Removed cartItemId=8
2025-10-01 15:27:40 [http-nio-8080-exec-3] INFO  webshop.backend.auth.JwtService - Validating JWT
2025-10-01 15:27:40 [http-nio-8080-exec-3] INFO  webshop.backend.auth.JwtService - JWT validated successfully for user 'admin'
2025-10-01 15:27:40 [http-nio-8080-exec-3] DEBUG w.b.d.o.controller.OrderController - GET /api/orders called
2025-10-01 15:27:40 [http-nio-8080-exec-3] DEBUG w.b.d.order.service.OrderService - Fetching orders for username=admin
2025-10-01 15:27:40 [http-nio-8080-exec-3] INFO  w.b.d.order.service.OrderService - Fetched 2 orders for userId=1
2025-10-01 15:27:40 [http-nio-8080-exec-6] INFO  webshop.backend.auth.JwtService - Validating JWT
2025-10-01 15:27:40 [http-nio-8080-exec-6] INFO  webshop.backend.auth.JwtService - JWT validated successfully for user 'admin'
2025-10-01 15:27:40 [http-nio-8080-exec-6] DEBUG w.b.d.o.controller.OrderController - GET /api/orders called
2025-10-01 15:27:40 [http-nio-8080-exec-6] DEBUG w.b.d.order.service.OrderService - Fetching orders for username=admin
2025-10-01 15:27:40 [http-nio-8080-exec-6] INFO  w.b.d.order.service.OrderService - Fetched 2 orders for userId=1
2025-10-01 15:27:40 [http-nio-8080-exec-5] INFO  webshop.backend.auth.JwtService - Validating JWT
2025-10-01 15:27:40 [http-nio-8080-exec-5] INFO  webshop.backend.auth.JwtService - JWT validated successfully for user 'admin'
2025-10-01 15:27:40 [http-nio-8080-exec-5] DEBUG w.b.d.c.c.CartItemController - GET /api/cart called
2025-10-01 15:27:40 [http-nio-8080-exec-5] DEBUG w.b.d.c.service.CartItemService - Fetching cart items for current user username=admin
2025-10-01 15:27:40 [http-nio-8080-exec-5] INFO  w.b.d.c.service.CartItemService - Fetched 2 cart items for userId=1
2025-10-01 15:27:40 [http-nio-8080-exec-5] INFO  webshop.backend.auth.JwtService - Validating JWT
2025-10-01 15:27:40 [http-nio-8080-exec-5] INFO  webshop.backend.auth.JwtService - JWT validated successfully for user 'admin'
2025-10-01 15:27:40 [http-nio-8080-exec-5] DEBUG w.b.d.c.c.CartItemController - GET /api/cart called
2025-10-01 15:27:40 [http-nio-8080-exec-5] DEBUG w.b.d.c.service.CartItemService - Fetching cart items for current user username=admin
2025-10-01 15:27:40 [http-nio-8080-exec-5] INFO  w.b.d.c.service.CartItemService - Fetched 2 cart items for userId=1
2025-10-01 15:27:41 [http-nio-8080-exec-8] INFO  webshop.backend.auth.JwtService - Validating JWT
2025-10-01 15:27:41 [http-nio-8080-exec-8] INFO  webshop.backend.auth.JwtService - JWT validated successfully for user 'admin'
2025-10-01 15:27:41 [http-nio-8080-exec-8] DEBUG w.b.d.c.c.CartItemController - DELETE /api/cart/6 called
2025-10-01 15:27:41 [http-nio-8080-exec-8] DEBUG w.b.d.c.service.CartItemService - Removing cartItemId=6
2025-10-01 15:27:41 [http-nio-8080-exec-8] INFO  w.b.d.c.service.CartItemService - Removed cartItemId=6
2025-10-01 15:27:43 [http-nio-8080-exec-2] INFO  webshop.backend.auth.JwtService - Validating JWT
2025-10-01 15:27:43 [http-nio-8080-exec-2] INFO  webshop.backend.auth.JwtService - JWT validated successfully for user 'admin'
2025-10-01 15:27:43 [http-nio-8080-exec-2] DEBUG w.b.d.o.controller.OrderController - GET /api/orders called
2025-10-01 15:27:43 [http-nio-8080-exec-2] DEBUG w.b.d.order.service.OrderService - Fetching orders for username=admin
2025-10-01 15:27:43 [http-nio-8080-exec-2] INFO  w.b.d.order.service.OrderService - Fetched 2 orders for userId=1
2025-10-01 15:27:43 [http-nio-8080-exec-1] INFO  webshop.backend.auth.JwtService - Validating JWT
2025-10-01 15:27:43 [http-nio-8080-exec-1] INFO  webshop.backend.auth.JwtService - JWT validated successfully for user 'admin'
2025-10-01 15:27:43 [http-nio-8080-exec-1] DEBUG w.b.d.o.controller.OrderController - GET /api/orders called
2025-10-01 15:27:43 [http-nio-8080-exec-1] DEBUG w.b.d.order.service.OrderService - Fetching orders for username=admin
2025-10-01 15:27:43 [http-nio-8080-exec-1] INFO  w.b.d.order.service.OrderService - Fetched 2 orders for userId=1
2025-10-01 15:27:44 [http-nio-8080-exec-3] INFO  webshop.backend.auth.JwtService - Validating JWT
2025-10-01 15:27:44 [http-nio-8080-exec-3] INFO  webshop.backend.auth.JwtService - JWT validated successfully for user 'admin'
2025-10-01 15:27:44 [http-nio-8080-exec-3] DEBUG w.b.d.c.c.CartItemController - GET /api/cart called
2025-10-01 15:27:44 [http-nio-8080-exec-3] DEBUG w.b.d.c.service.CartItemService - Fetching cart items for current user username=admin
2025-10-01 15:27:44 [http-nio-8080-exec-3] INFO  w.b.d.c.service.CartItemService - Fetched 1 cart items for userId=1
2025-10-01 15:27:44 [http-nio-8080-exec-6] INFO  webshop.backend.auth.JwtService - Validating JWT
2025-10-01 15:27:44 [http-nio-8080-exec-6] INFO  webshop.backend.auth.JwtService - JWT validated successfully for user 'admin'
2025-10-01 15:27:44 [http-nio-8080-exec-6] DEBUG w.b.d.c.c.CartItemController - GET /api/cart called
2025-10-01 15:27:44 [http-nio-8080-exec-6] DEBUG w.b.d.c.service.CartItemService - Fetching cart items for current user username=admin
2025-10-01 15:27:44 [http-nio-8080-exec-6] INFO  w.b.d.c.service.CartItemService - Fetched 1 cart items for userId=1
2025-10-01 15:27:44 [http-nio-8080-exec-7] INFO  webshop.backend.auth.JwtService - Validating JWT
2025-10-01 15:27:44 [http-nio-8080-exec-7] INFO  webshop.backend.auth.JwtService - JWT validated successfully for user 'admin'
2025-10-01 15:27:44 [http-nio-8080-exec-7] DEBUG w.b.d.c.c.CartItemController - DELETE /api/cart/9 called
2025-10-01 15:27:44 [http-nio-8080-exec-7] DEBUG w.b.d.c.service.CartItemService - Removing cartItemId=9
2025-10-01 15:27:44 [http-nio-8080-exec-7] INFO  w.b.d.c.service.CartItemService - Removed cartItemId=9
2025-10-01 15:27:45 [http-nio-8080-exec-9] INFO  webshop.backend.auth.JwtService - Validating JWT
2025-10-01 15:27:45 [http-nio-8080-exec-9] INFO  webshop.backend.auth.JwtService - JWT validated successfully for user 'admin'
2025-10-01 15:27:45 [http-nio-8080-exec-9] DEBUG w.b.d.o.controller.OrderController - GET /api/orders called
2025-10-01 15:27:45 [http-nio-8080-exec-9] DEBUG w.b.d.order.service.OrderService - Fetching orders for username=admin
2025-10-01 15:27:45 [http-nio-8080-exec-9] INFO  w.b.d.order.service.OrderService - Fetched 2 orders for userId=1
2025-10-01 15:27:45 [http-nio-8080-exec-8] INFO  webshop.backend.auth.JwtService - Validating JWT
2025-10-01 15:27:45 [http-nio-8080-exec-8] INFO  webshop.backend.auth.JwtService - JWT validated successfully for user 'admin'
2025-10-01 15:27:45 [http-nio-8080-exec-8] DEBUG w.b.d.o.controller.OrderController - GET /api/orders called
2025-10-01 15:27:45 [http-nio-8080-exec-8] DEBUG w.b.d.order.service.OrderService - Fetching orders for username=admin
2025-10-01 15:27:45 [http-nio-8080-exec-8] INFO  w.b.d.order.service.OrderService - Fetched 2 orders for userId=1
2025-10-01 15:27:46 [http-nio-8080-exec-3] INFO  webshop.backend.auth.JwtService - Validating JWT
2025-10-01 15:27:46 [http-nio-8080-exec-3] INFO  webshop.backend.auth.JwtService - JWT validated successfully for user 'admin'
2025-10-01 15:27:46 [http-nio-8080-exec-3] DEBUG w.b.d.c.c.CartItemController - GET /api/cart called
2025-10-01 15:27:46 [http-nio-8080-exec-3] DEBUG w.b.d.c.service.CartItemService - Fetching cart items for current user username=admin
2025-10-01 15:27:46 [http-nio-8080-exec-3] INFO  w.b.d.c.service.CartItemService - Fetched 0 cart items for userId=1
2025-10-01 15:27:46 [http-nio-8080-exec-3] INFO  webshop.backend.auth.JwtService - Validating JWT
2025-10-01 15:27:46 [http-nio-8080-exec-3] INFO  webshop.backend.auth.JwtService - JWT validated successfully for user 'admin'
2025-10-01 15:27:46 [http-nio-8080-exec-3] DEBUG w.b.d.c.c.CartItemController - GET /api/cart called
2025-10-01 15:27:46 [http-nio-8080-exec-3] DEBUG w.b.d.c.service.CartItemService - Fetching cart items for current user username=admin
2025-10-01 15:27:46 [http-nio-8080-exec-3] INFO  w.b.d.c.service.CartItemService - Fetched 0 cart items for userId=1
2025-10-01 15:27:47 [http-nio-8080-exec-5] DEBUG w.b.d.p.controller.ProductController - GET /api/products called
2025-10-01 15:27:47 [http-nio-8080-exec-5] DEBUG w.b.d.product.service.ProductService - Fetching all products
2025-10-01 15:27:47 [http-nio-8080-exec-5] INFO  w.b.d.product.service.ProductService - Fetched 13 products
2025-10-01 15:27:47 [http-nio-8080-exec-10] DEBUG w.b.d.p.controller.ProductController - GET /api/products called
2025-10-01 15:27:47 [http-nio-8080-exec-10] DEBUG w.b.d.product.service.ProductService - Fetching all products
2025-10-01 15:27:47 [http-nio-8080-exec-10] INFO  w.b.d.product.service.ProductService - Fetched 13 products
2025-10-01 15:27:48 [http-nio-8080-exec-8] INFO  webshop.backend.auth.JwtService - Validating JWT
2025-10-01 15:27:48 [http-nio-8080-exec-8] INFO  webshop.backend.auth.JwtService - JWT validated successfully for user 'admin'
2025-10-01 15:27:48 [http-nio-8080-exec-8] DEBUG w.b.d.c.c.CartItemController - POST /api/cart/add called with payload: CartItemCreateDto[productId=1, quantity=1]
2025-10-01 15:27:48 [http-nio-8080-exec-8] DEBUG w.b.d.c.service.CartItemService - Adding productId=1 quantity=1 to cart for username=admin
2025-10-01 15:27:48 [http-nio-8080-exec-8] INFO  w.b.d.c.service.CartItemService - Added productId=1 quantity=1 to cart for userId=1 cartItemId=10
2025-10-01 15:27:48 [http-nio-8080-exec-2] INFO  webshop.backend.auth.JwtService - Validating JWT
2025-10-01 15:27:48 [http-nio-8080-exec-2] INFO  webshop.backend.auth.JwtService - JWT validated successfully for user 'admin'
2025-10-01 15:27:48 [http-nio-8080-exec-2] DEBUG w.b.d.c.c.CartItemController - POST /api/cart/add called with payload: CartItemCreateDto[productId=2, quantity=1]
2025-10-01 15:27:48 [http-nio-8080-exec-2] DEBUG w.b.d.c.service.CartItemService - Adding productId=2 quantity=1 to cart for username=admin
2025-10-01 15:27:48 [http-nio-8080-exec-2] INFO  w.b.d.c.service.CartItemService - Added productId=2 quantity=1 to cart for userId=1 cartItemId=11
2025-10-01 15:27:48 [http-nio-8080-exec-1] INFO  webshop.backend.auth.JwtService - Validating JWT
2025-10-01 15:27:48 [http-nio-8080-exec-1] INFO  webshop.backend.auth.JwtService - JWT validated successfully for user 'admin'
2025-10-01 15:27:48 [http-nio-8080-exec-1] DEBUG w.b.d.c.c.CartItemController - POST /api/cart/add called with payload: CartItemCreateDto[productId=3, quantity=1]
2025-10-01 15:27:48 [http-nio-8080-exec-1] DEBUG w.b.d.c.service.CartItemService - Adding productId=3 quantity=1 to cart for username=admin
2025-10-01 15:27:48 [http-nio-8080-exec-1] INFO  w.b.d.c.service.CartItemService - Added productId=3 quantity=1 to cart for userId=1 cartItemId=12
2025-10-01 15:27:49 [http-nio-8080-exec-6] INFO  webshop.backend.auth.JwtService - Validating JWT
2025-10-01 15:27:49 [http-nio-8080-exec-6] INFO  webshop.backend.auth.JwtService - JWT validated successfully for user 'admin'
2025-10-01 15:27:49 [http-nio-8080-exec-6] DEBUG w.b.d.c.c.CartItemController - POST /api/cart/add called with payload: CartItemCreateDto[productId=4, quantity=1]
2025-10-01 15:27:49 [http-nio-8080-exec-6] DEBUG w.b.d.c.service.CartItemService - Adding productId=4 quantity=1 to cart for username=admin
2025-10-01 15:27:49 [http-nio-8080-exec-6] INFO  w.b.d.c.service.CartItemService - Added productId=4 quantity=1 to cart for userId=1 cartItemId=13
2025-10-01 15:27:50 [http-nio-8080-exec-3] INFO  webshop.backend.auth.JwtService - Validating JWT
2025-10-01 15:27:50 [http-nio-8080-exec-3] INFO  webshop.backend.auth.JwtService - JWT validated successfully for user 'admin'
2025-10-01 15:27:50 [http-nio-8080-exec-3] DEBUG w.b.d.c.c.CartItemController - POST /api/cart/add called with payload: CartItemCreateDto[productId=5, quantity=1]
2025-10-01 15:27:50 [http-nio-8080-exec-3] DEBUG w.b.d.c.service.CartItemService - Adding productId=5 quantity=1 to cart for username=admin
2025-10-01 15:27:50 [http-nio-8080-exec-3] INFO  w.b.d.c.service.CartItemService - Added productId=5 quantity=1 to cart for userId=1 cartItemId=14
2025-10-01 15:27:50 [http-nio-8080-exec-4] INFO  webshop.backend.auth.JwtService - Validating JWT
2025-10-01 15:27:50 [http-nio-8080-exec-4] INFO  webshop.backend.auth.JwtService - JWT validated successfully for user 'admin'
2025-10-01 15:27:50 [http-nio-8080-exec-4] DEBUG w.b.d.c.c.CartItemController - POST /api/cart/add called with payload: CartItemCreateDto[productId=6, quantity=1]
2025-10-01 15:27:50 [http-nio-8080-exec-4] DEBUG w.b.d.c.service.CartItemService - Adding productId=6 quantity=1 to cart for username=admin
2025-10-01 15:27:50 [http-nio-8080-exec-4] INFO  w.b.d.c.service.CartItemService - Added productId=6 quantity=1 to cart for userId=1 cartItemId=15
2025-10-01 15:27:51 [http-nio-8080-exec-10] INFO  webshop.backend.auth.JwtService - Validating JWT
2025-10-01 15:27:51 [http-nio-8080-exec-10] INFO  webshop.backend.auth.JwtService - JWT validated successfully for user 'admin'
2025-10-01 15:27:51 [http-nio-8080-exec-10] DEBUG w.b.d.c.c.CartItemController - GET /api/cart called
2025-10-01 15:27:51 [http-nio-8080-exec-10] DEBUG w.b.d.c.service.CartItemService - Fetching cart items for current user username=admin
2025-10-01 15:27:51 [http-nio-8080-exec-10] INFO  w.b.d.c.service.CartItemService - Fetched 6 cart items for userId=1
2025-10-01 15:27:51 [http-nio-8080-exec-9] INFO  webshop.backend.auth.JwtService - Validating JWT
2025-10-01 15:27:51 [http-nio-8080-exec-9] INFO  webshop.backend.auth.JwtService - JWT validated successfully for user 'admin'
2025-10-01 15:27:51 [http-nio-8080-exec-9] DEBUG w.b.d.c.c.CartItemController - GET /api/cart called
2025-10-01 15:27:51 [http-nio-8080-exec-9] DEBUG w.b.d.c.service.CartItemService - Fetching cart items for current user username=admin
2025-10-01 15:27:51 [http-nio-8080-exec-9] INFO  w.b.d.c.service.CartItemService - Fetched 6 cart items for userId=1
2025-10-01 15:27:55 [http-nio-8080-exec-2] INFO  webshop.backend.auth.JwtService - Validating JWT
2025-10-01 15:27:55 [http-nio-8080-exec-2] INFO  webshop.backend.auth.JwtService - JWT validated successfully for user 'admin'
2025-10-01 15:27:55 [http-nio-8080-exec-2] DEBUG w.b.d.c.c.CartItemController - DELETE /api/cart/clear called
2025-10-01 15:27:55 [http-nio-8080-exec-2] DEBUG w.b.d.c.service.CartItemService - Clearing cart for username=admin
2025-10-01 15:27:55 [http-nio-8080-exec-2] INFO  w.b.d.c.service.CartItemService - Cleared 6 cart items for userId=1
2025-10-01 15:27:56 [http-nio-8080-exec-3] DEBUG w.b.d.c.c.CategoryController - GET /api/categories called
2025-10-01 15:27:56 [http-nio-8080-exec-3] DEBUG w.b.d.c.service.CategoryService - Fetching all categories
2025-10-01 15:27:56 [http-nio-8080-exec-3] INFO  w.b.d.c.service.CategoryService - Fetched 6 categories
2025-10-01 15:27:56 [http-nio-8080-exec-4] DEBUG w.b.d.c.c.CategoryController - GET /api/categories called
2025-10-01 15:27:56 [http-nio-8080-exec-4] DEBUG w.b.d.c.service.CategoryService - Fetching all categories
2025-10-01 15:27:56 [http-nio-8080-exec-4] INFO  w.b.d.c.service.CategoryService - Fetched 6 categories
2025-10-01 15:27:57 [http-nio-8080-exec-10] DEBUG w.b.d.p.controller.ProductController - GET /api/products called
2025-10-01 15:27:57 [http-nio-8080-exec-10] DEBUG w.b.d.product.service.ProductService - Fetching all products
2025-10-01 15:27:57 [http-nio-8080-exec-10] INFO  w.b.d.product.service.ProductService - Fetched 13 products
2025-10-01 15:27:57 [http-nio-8080-exec-9] DEBUG w.b.d.p.controller.ProductController - GET /api/products called
2025-10-01 15:27:57 [http-nio-8080-exec-9] DEBUG w.b.d.product.service.ProductService - Fetching all products
2025-10-01 15:27:57 [http-nio-8080-exec-9] INFO  w.b.d.product.service.ProductService - Fetched 13 products
2025-10-01 15:27:58 [http-nio-8080-exec-2] INFO  webshop.backend.auth.JwtService - Validating JWT
2025-10-01 15:27:58 [http-nio-8080-exec-2] INFO  webshop.backend.auth.JwtService - JWT validated successfully for user 'admin'
2025-10-01 15:27:58 [http-nio-8080-exec-2] DEBUG w.b.d.c.c.CartItemController - POST /api/cart/add called with payload: CartItemCreateDto[productId=1, quantity=1]
2025-10-01 15:27:58 [http-nio-8080-exec-2] DEBUG w.b.d.c.service.CartItemService - Adding productId=1 quantity=1 to cart for username=admin
2025-10-01 15:27:58 [http-nio-8080-exec-2] INFO  w.b.d.c.service.CartItemService - Added productId=1 quantity=1 to cart for userId=1 cartItemId=16
2025-10-01 15:27:58 [http-nio-8080-exec-1] INFO  webshop.backend.auth.JwtService - Validating JWT
2025-10-01 15:27:58 [http-nio-8080-exec-1] INFO  webshop.backend.auth.JwtService - JWT validated successfully for user 'admin'
2025-10-01 15:27:58 [http-nio-8080-exec-1] DEBUG w.b.d.c.c.CartItemController - POST /api/cart/add called with payload: CartItemCreateDto[productId=4, quantity=1]
2025-10-01 15:27:58 [http-nio-8080-exec-1] DEBUG w.b.d.c.service.CartItemService - Adding productId=4 quantity=1 to cart for username=admin
2025-10-01 15:27:58 [http-nio-8080-exec-1] INFO  w.b.d.c.service.CartItemService - Added productId=4 quantity=1 to cart for userId=1 cartItemId=17
2025-10-01 15:27:59 [http-nio-8080-exec-6] INFO  webshop.backend.auth.JwtService - Validating JWT
2025-10-01 15:27:59 [http-nio-8080-exec-6] INFO  webshop.backend.auth.JwtService - JWT validated successfully for user 'admin'
2025-10-01 15:27:59 [http-nio-8080-exec-6] DEBUG w.b.d.c.c.CartItemController - POST /api/cart/add called with payload: CartItemCreateDto[productId=5, quantity=1]
2025-10-01 15:27:59 [http-nio-8080-exec-6] DEBUG w.b.d.c.service.CartItemService - Adding productId=5 quantity=1 to cart for username=admin
2025-10-01 15:27:59 [http-nio-8080-exec-6] INFO  w.b.d.c.service.CartItemService - Added productId=5 quantity=1 to cart for userId=1 cartItemId=18
2025-10-01 15:27:59 [http-nio-8080-exec-3] INFO  webshop.backend.auth.JwtService - Validating JWT
2025-10-01 15:27:59 [http-nio-8080-exec-3] INFO  webshop.backend.auth.JwtService - JWT validated successfully for user 'admin'
2025-10-01 15:27:59 [http-nio-8080-exec-3] DEBUG w.b.d.c.c.CartItemController - POST /api/cart/add called with payload: CartItemCreateDto[productId=2, quantity=1]
2025-10-01 15:27:59 [http-nio-8080-exec-3] DEBUG w.b.d.c.service.CartItemService - Adding productId=2 quantity=1 to cart for username=admin
2025-10-01 15:27:59 [http-nio-8080-exec-3] INFO  w.b.d.c.service.CartItemService - Added productId=2 quantity=1 to cart for userId=1 cartItemId=19
2025-10-01 15:27:59 [http-nio-8080-exec-4] INFO  webshop.backend.auth.JwtService - Validating JWT
2025-10-01 15:27:59 [http-nio-8080-exec-4] INFO  webshop.backend.auth.JwtService - JWT validated successfully for user 'admin'
2025-10-01 15:27:59 [http-nio-8080-exec-4] DEBUG w.b.d.c.c.CartItemController - POST /api/cart/add called with payload: CartItemCreateDto[productId=3, quantity=1]
2025-10-01 15:27:59 [http-nio-8080-exec-4] DEBUG w.b.d.c.service.CartItemService - Adding productId=3 quantity=1 to cart for username=admin
2025-10-01 15:27:59 [http-nio-8080-exec-4] INFO  w.b.d.c.service.CartItemService - Added productId=3 quantity=1 to cart for userId=1 cartItemId=20
2025-10-01 15:28:00 [http-nio-8080-exec-5] INFO  webshop.backend.auth.JwtService - Validating JWT
2025-10-01 15:28:00 [http-nio-8080-exec-5] INFO  webshop.backend.auth.JwtService - JWT validated successfully for user 'admin'
2025-10-01 15:28:00 [http-nio-8080-exec-5] DEBUG w.b.d.c.c.CartItemController - POST /api/cart/add called with payload: CartItemCreateDto[productId=6, quantity=1]
2025-10-01 15:28:00 [http-nio-8080-exec-5] DEBUG w.b.d.c.service.CartItemService - Adding productId=6 quantity=1 to cart for username=admin
2025-10-01 15:28:00 [http-nio-8080-exec-5] INFO  w.b.d.c.service.CartItemService - Added productId=6 quantity=1 to cart for userId=1 cartItemId=21
2025-10-01 15:28:01 [http-nio-8080-exec-9] INFO  webshop.backend.auth.JwtService - Validating JWT
2025-10-01 15:28:01 [http-nio-8080-exec-9] INFO  webshop.backend.auth.JwtService - JWT validated successfully for user 'admin'
2025-10-01 15:28:01 [http-nio-8080-exec-9] DEBUG w.b.d.c.c.CartItemController - GET /api/cart called
2025-10-01 15:28:01 [http-nio-8080-exec-9] DEBUG w.b.d.c.service.CartItemService - Fetching cart items for current user username=admin
2025-10-01 15:28:01 [http-nio-8080-exec-9] INFO  w.b.d.c.service.CartItemService - Fetched 6 cart items for userId=1
2025-10-01 15:28:01 [http-nio-8080-exec-9] INFO  webshop.backend.auth.JwtService - Validating JWT
2025-10-01 15:28:01 [http-nio-8080-exec-9] INFO  webshop.backend.auth.JwtService - JWT validated successfully for user 'admin'
2025-10-01 15:28:01 [http-nio-8080-exec-9] DEBUG w.b.d.c.c.CartItemController - GET /api/cart called
2025-10-01 15:28:01 [http-nio-8080-exec-9] DEBUG w.b.d.c.service.CartItemService - Fetching cart items for current user username=admin
2025-10-01 15:28:01 [http-nio-8080-exec-9] INFO  w.b.d.c.service.CartItemService - Fetched 6 cart items for userId=1
2025-10-01 15:28:05 [http-nio-8080-exec-1] INFO  webshop.backend.auth.JwtService - Validating JWT
2025-10-01 15:28:05 [http-nio-8080-exec-1] INFO  webshop.backend.auth.JwtService - JWT validated successfully for user 'admin'
2025-10-01 15:28:05 [http-nio-8080-exec-1] DEBUG w.b.d.c.c.CartItemController - DELETE /api/cart/16 called
2025-10-01 15:28:05 [http-nio-8080-exec-1] DEBUG w.b.d.c.service.CartItemService - Removing cartItemId=16
2025-10-01 15:28:05 [http-nio-8080-exec-1] INFO  w.b.d.c.service.CartItemService - Removed cartItemId=16
2025-10-01 15:28:06 [http-nio-8080-exec-4] INFO  webshop.backend.auth.JwtService - Validating JWT
2025-10-01 15:28:06 [http-nio-8080-exec-4] INFO  webshop.backend.auth.JwtService - JWT validated successfully for user 'admin'
2025-10-01 15:28:06 [http-nio-8080-exec-4] DEBUG w.b.d.o.controller.OrderController - GET /api/orders called
2025-10-01 15:28:06 [http-nio-8080-exec-4] DEBUG w.b.d.order.service.OrderService - Fetching orders for username=admin
2025-10-01 15:28:06 [http-nio-8080-exec-4] INFO  w.b.d.order.service.OrderService - Fetched 2 orders for userId=1
2025-10-01 15:28:06 [http-nio-8080-exec-5] INFO  webshop.backend.auth.JwtService - Validating JWT
2025-10-01 15:28:06 [http-nio-8080-exec-5] INFO  webshop.backend.auth.JwtService - JWT validated successfully for user 'admin'
2025-10-01 15:28:06 [http-nio-8080-exec-5] DEBUG w.b.d.o.controller.OrderController - GET /api/orders called
2025-10-01 15:28:06 [http-nio-8080-exec-5] DEBUG w.b.d.order.service.OrderService - Fetching orders for username=admin
2025-10-01 15:28:06 [http-nio-8080-exec-5] INFO  w.b.d.order.service.OrderService - Fetched 2 orders for userId=1
2025-10-01 15:28:07 [http-nio-8080-exec-8] INFO  webshop.backend.auth.JwtService - Validating JWT
2025-10-01 15:28:07 [http-nio-8080-exec-8] INFO  webshop.backend.auth.JwtService - JWT validated successfully for user 'admin'
2025-10-01 15:28:07 [http-nio-8080-exec-8] DEBUG w.b.d.c.c.CartItemController - GET /api/cart called
2025-10-01 15:28:07 [http-nio-8080-exec-8] DEBUG w.b.d.c.service.CartItemService - Fetching cart items for current user username=admin
2025-10-01 15:28:07 [http-nio-8080-exec-8] INFO  w.b.d.c.service.CartItemService - Fetched 5 cart items for userId=1
2025-10-01 15:28:07 [http-nio-8080-exec-9] INFO  webshop.backend.auth.JwtService - Validating JWT
2025-10-01 15:28:07 [http-nio-8080-exec-9] INFO  webshop.backend.auth.JwtService - JWT validated successfully for user 'admin'
2025-10-01 15:28:07 [http-nio-8080-exec-9] DEBUG w.b.d.c.c.CartItemController - GET /api/cart called
2025-10-01 15:28:07 [http-nio-8080-exec-9] DEBUG w.b.d.c.service.CartItemService - Fetching cart items for current user username=admin
2025-10-01 15:28:07 [http-nio-8080-exec-9] INFO  w.b.d.c.service.CartItemService - Fetched 5 cart items for userId=1
2025-10-01 15:28:09 [http-nio-8080-exec-1] INFO  webshop.backend.auth.JwtService - Validating JWT
2025-10-01 15:28:09 [http-nio-8080-exec-1] INFO  webshop.backend.auth.JwtService - JWT validated successfully for user 'admin'
2025-10-01 15:28:09 [http-nio-8080-exec-1] DEBUG w.b.d.user.controller.UserController - GET /api/users/me called
2025-10-01 15:28:09 [http-nio-8080-exec-1] DEBUG w.b.domains.user.service.UserService - Fetching current user with username=admin
2025-10-01 15:28:09 [http-nio-8080-exec-1] INFO  w.b.domains.user.service.UserService - Successfully fetched current user with id=1
2025-10-01 15:28:12 [http-nio-8080-exec-8] DEBUG w.b.d.p.controller.ProductController - GET /api/products called
2025-10-01 15:28:12 [http-nio-8080-exec-8] DEBUG w.b.d.product.service.ProductService - Fetching all products
2025-10-01 15:28:12 [http-nio-8080-exec-9] DEBUG w.b.d.c.c.CategoryController - GET /api/categories called
2025-10-01 15:28:12 [http-nio-8080-exec-9] DEBUG w.b.d.c.service.CategoryService - Fetching all categories
2025-10-01 15:28:12 [http-nio-8080-exec-9] INFO  w.b.d.c.service.CategoryService - Fetched 6 categories
2025-10-01 15:28:12 [http-nio-8080-exec-8] INFO  w.b.d.product.service.ProductService - Fetched 13 products
2025-10-01 15:28:12 [http-nio-8080-exec-9] DEBUG w.b.d.c.c.CategoryController - GET /api/categories called
2025-10-01 15:28:12 [http-nio-8080-exec-9] DEBUG w.b.d.c.service.CategoryService - Fetching all categories
2025-10-01 15:28:12 [http-nio-8080-exec-1] DEBUG w.b.d.p.controller.ProductController - GET /api/products called
2025-10-01 15:28:12 [http-nio-8080-exec-9] INFO  w.b.d.c.service.CategoryService - Fetched 6 categories
2025-10-01 15:28:12 [http-nio-8080-exec-1] DEBUG w.b.d.product.service.ProductService - Fetching all products
2025-10-01 15:28:12 [http-nio-8080-exec-1] INFO  w.b.d.product.service.ProductService - Fetched 13 products
2025-10-01 15:28:12 [http-nio-8080-exec-6] DEBUG w.b.d.p.controller.ProductController - GET /api/products called
2025-10-01 15:28:12 [http-nio-8080-exec-6] DEBUG w.b.d.product.service.ProductService - Fetching all products
2025-10-01 15:28:12 [http-nio-8080-exec-6] INFO  w.b.d.product.service.ProductService - Fetched 13 products
2025-10-01 15:28:12 [http-nio-8080-exec-3] DEBUG w.b.d.p.controller.ProductController - GET /api/products called
2025-10-01 15:28:12 [http-nio-8080-exec-3] DEBUG w.b.d.product.service.ProductService - Fetching all products
2025-10-01 15:28:12 [http-nio-8080-exec-3] INFO  w.b.d.product.service.ProductService - Fetched 13 products
2025-10-01 15:36:03 [SpringApplicationShutdownHook] INFO  o.s.b.w.e.tomcat.GracefulShutdown - Commencing graceful shutdown. Waiting for active requests to complete
2025-10-01 15:36:03 [tomcat-shutdown] INFO  o.s.b.w.e.tomcat.GracefulShutdown - Graceful shutdown complete
2025-10-01 15:36:03 [SpringApplicationShutdownHook] INFO  o.s.o.j.LocalContainerEntityManagerFactoryBean - Closing JPA EntityManagerFactory for persistence unit 'default'
2025-10-01 15:36:03 [SpringApplicationShutdownHook] INFO  com.zaxxer.hikari.HikariDataSource - HikariPool-1 - Shutdown initiated...
2025-10-01 15:36:03 [SpringApplicationShutdownHook] INFO  com.zaxxer.hikari.HikariDataSource - HikariPool-1 - Shutdown completed.
